<?xml version="1.0" encoding="UTF-8"?>
<!-- Generated by org.testng.reporters.JUnitReportReporter -->
<testsuite hostname="LAPTOP-180EJQKJ" name="miniproject.acmeproject.AcmeLogin" tests="1" failures="0" timestamp="12 Oct 2019 10:00:58 GMT" time="30.526" errors="0">
  <testcase name="acmelogin" time="30.526" classname="miniproject.acmeproject.AcmeLogin"/>
</testsuite> <!-- miniproject.acmeproject.AcmeLogin -->
